# Домашнее задание к занятию «Индексы» Ганичев Ю.А.


### Задание 1

Напишите запрос к учебной базе данных, который вернёт процентное отношение общего размера всех индексов к общему размеру всех таблиц.

Запрос
```sql
SELECT
  ROUND(SUM(index_length) / (SUM(data_length) + SUM(index_length)) * 100, 2) as Процентное_соотношение
FROM
  information_schema.tables
WHERE
  table_schema = 'sakila';
```
Результат выполнения:

![Alt текст](https://github.com/s2nt/netology_home_works/blob/aa88f4d0f6ad4ea005b799371c126a33122e729b/sdb/screenshots/12-05/%D0%A1%D0%BD%D0%B8%D0%BC%D0%BE%D0%BA%20%D1%8D%D0%BA%D1%80%D0%B0%D0%BD%D0%B0%202023-10-03%20164414.png)

### Задание 2

Выполните explain analyze следующего запроса:
```sql
select distinct concat(c.last_name, ' ', c.first_name), sum(p.amount) over (partition by c.customer_id, f.title)
from payment p, rental r, customer c, inventory i, film f
where date(p.payment_date) = '2005-07-30' and p.payment_date = r.rental_date and r.customer_id = c.customer_id and i.inventory_id = r.inventory_id
```
- перечислите узкие места;
- оптимизируйте запрос: внесите корректировки по использованию операторов, при необходимости добавьте индексы.

Узкие места в данном запросе это операция выполнения оконной функции и Sort: Сортировка по столбцам c.customer_id и f.title.

```sql
-> Limit: 200 row(s)  (cost=0..0 rows=0) (actual time=3978..3978 rows=200 loops=1)
    -> Table scan on <temporary>  (cost=2.5..2.5 rows=0) (actual time=3978..3978 rows=200 loops=1)
        -> Temporary table with deduplication  (cost=0..0 rows=0) (actual time=3978..3978 rows=391 loops=1)
            -> Window aggregate with buffering: sum(payment.amount) OVER (PARTITION BY c.customer_id,f.title )   (actual time=1739..3828 rows=642000 loops=1)
                -> Sort: c.customer_id, f.title  (actual time=1739..1789 rows=642000 loops=1)
                    -> Stream results  (cost=22.6e+6 rows=16.5e+6) (actual time=0.271..1339 rows=642000 loops=1)
                        -> Nested loop inner join  (cost=22.6e+6 rows=16.5e+6) (actual time=0.267..1166 rows=642000 loops=1)
                            -> Nested loop inner join  (cost=20.9e+6 rows=16.5e+6) (actual time=0.264..1028 rows=642000 loops=1)
                                -> Nested loop inner join  (cost=19.3e+6 rows=16.5e+6) (actual time=0.26..881 rows=642000 loops=1)
                                    -> Inner hash join (no condition)  (cost=1.65e+6 rows=16.5e+6) (actual time=0.249..36 rows=634000 loops=1)
                                        -> Filter: (cast(p.payment_date as date) = '2005-07-30')  (cost=1.72 rows=16500) (actual time=0.0223..4.55 rows=634 loops=1)
                                            -> Table scan on p  (cost=1.72 rows=16500) (actual time=0.0148..3.2 rows=16044 loops=1)
                                        -> Hash
                                            -> Covering index scan on f using idx_title  (cost=103 rows=1000) (actual time=0.0322..0.174 rows=1000 loops=1)
                                    -> Covering index lookup on r using rental_date (rental_date=p.payment_date)  (cost=0.969 rows=1) (actual time=816e-6..0.00122 rows=1.01 loops=634000)
                                -> Single-row index lookup on c using PRIMARY (customer_id=r.customer_id)  (cost=250e-6 rows=1) (actual time=99.6e-6..119e-6 rows=1 loops=642000)
                            -> Single-row covering index lookup on i using PRIMARY (inventory_id=r.inventory_id)  (cost=250e-6 rows=1) (actual time=85.2e-6..106e-6 rows=1 loops=642000)
```

оптимизация запроса: 
Добавлю индексы для payment_date и rental_date, избавлюсь от оконной функции, вместо перечесления таблиц можно использовать JOIN

```sql
SELECT
  CONCAT(c.last_name, ' ', c.first_name) AS customer_name,
  SUM(p.amount) AS total_payment
FROM
  payment p
  JOIN rental r ON p.payment_date = r.rental_date
  JOIN inventory i ON r.inventory_id = i.inventory_id
  JOIN customer c ON r.customer_id = c.customer_id
WHERE
  p.payment_date >= '2005-07-30' AND p.payment_date < DATE_ADD('2005-07-30', INTERVAL 1 DAY)
GROUP BY
  CONCAT(c.last_name, ' ', c.first_name);
```
Вывод explain analyze нового запроса

```sql
                -> Limit: 200 row(s)  (actual time=4.2..4.23 rows=200 loops=1)
    -> Table scan on <temporary>  (actual time=4.2..4.22 rows=200 loops=1)
        -> Aggregate using temporary table  (actual time=4.2..4.2 rows=391 loops=1)
            -> Nested loop inner join  (cost=807 rows=661) (actual time=0.0325..3.04 rows=642 loops=1)
                -> Nested loop inner join  (cost=582 rows=661) (actual time=0.03..2.44 rows=642 loops=1)
                    -> Nested loop inner join  (cost=351 rows=634) (actual time=0.0207..0.953 rows=634 loops=1)
                        -> Filter: ((r.rental_date >= TIMESTAMP'2005-07-30 00:00:00') and (r.rental_date < <cache>(('2005-07-30' + interval 1 day))))  (cost=129 rows=634) (actual time=0.0129..0.304 rows=634 loops=1)
                            -> Covering index range scan on r using rental_date over ('2005-07-30 00:00:00' <= rental_date < '2005-07-31 00:00:00')  (cost=129 rows=634) (actual time=0.0114..0.203 rows=634 loops=1)
                        -> Single-row index lookup on c using PRIMARY (customer_id=r.customer_id)  (cost=0.25 rows=1) (actual time=887e-6..909e-6 rows=1 loops=634)
                    -> Index lookup on p using idx_payment_date (payment_date=r.rental_date)  (cost=0.261 rows=1.04) (actual time=0.00181..0.00223 rows=1.01 loops=634)
                -> Single-row covering index lookup on i using PRIMARY (inventory_id=r.inventory_id)  (cost=0.24 rows=1) (actual time=775e-6..799e-6 rows=1 loops=642)
```
